<?xml version="1.0" encoding="UTF-8"?>
<robot generator="Robot 7.0 (Python 3.12.2 on darwin)" generated="2025-02-15T13:46:00.153283" rpa="false" schemaversion="5">
<suite id="s1" name="Google K2" source="/Users/wlb-kop/Documents/e2e-robot/workshop/google/google_k2.robot">
<test id="s1-t1" name="ทดสอบค้นหาด้วยตำค้น Robot ต้องเจอ Robot" line="7">
<kw name="เปิด Browser">
<kw name="Open Browser" owner="SeleniumLibrary">
<msg time="2025-02-15T13:46:00.229358" level="INFO">Opening browser 'chrome' to base url 'https://www.google.com'.</msg>
<arg>browser=chrome</arg>
<arg>url=${URL}</arg>
<doc>Opens a new browser instance to the optional ``url``.</doc>
<status status="PASS" start="2025-02-15T13:46:00.229238" elapsed="5.407127"/>
</kw>
<status status="PASS" start="2025-02-15T13:46:00.228913" elapsed="5.407779"/>
</kw>
<kw name="ใส่คำค้น">
<kw name="Input Text" owner="SeleniumLibrary">
<msg time="2025-02-15T13:46:05.637957" level="INFO">Typing text 'Robot' into text field 'id=APjFqb'.</msg>
<arg>id=APjFqb</arg>
<arg>text=Robot</arg>
<doc>Types the given ``text`` into the text field identified by ``locator``.</doc>
<status status="PASS" start="2025-02-15T13:46:05.637519" elapsed="0.088912"/>
</kw>
<kw name="Press Keys" owner="SeleniumLibrary">
<msg time="2025-02-15T13:46:05.726831" level="INFO">Sending key(s) ('RETURN',) to page.</msg>
<msg time="2025-02-15T13:46:05.726921" level="INFO">Pressing special key RETURN to browser.</msg>
<msg time="2025-02-15T13:46:05.726953" level="INFO">Releasing special key RETURN.</msg>
<arg>None</arg>
<arg>RETURN</arg>
<doc>Simulates the user pressing key(s) to an element or on the active browser.</doc>
<status status="PASS" start="2025-02-15T13:46:05.726561" elapsed="0.126300"/>
</kw>
<status status="PASS" start="2025-02-15T13:46:05.637092" elapsed="0.215979"/>
</kw>
<kw name="ตรวจสอบ">
<kw name="Wait Until Page Contains" owner="SeleniumLibrary">
<arg>Robot</arg>
<doc>Waits until ``text`` appears on the current page.</doc>
<status status="PASS" start="2025-02-15T13:46:05.853430" elapsed="1.236905"/>
</kw>
<status status="PASS" start="2025-02-15T13:46:05.853271" elapsed="1.237140"/>
</kw>
<status status="PASS" start="2025-02-15T13:46:00.228382" elapsed="6.862146"/>
</test>
<status status="PASS" start="2025-02-15T13:46:00.153778" elapsed="6.937013"/>
</suite>
<statistics>
<total>
<stat pass="1" fail="0" skip="0">All Tests</stat>
</total>
<tag>
</tag>
<suite>
<stat pass="1" fail="0" skip="0" id="s1" name="Google K2">Google K2</stat>
</suite>
</statistics>
<errors>
</errors>
</robot>
